cl : command line warning D9035: option 'Gm' has been deprecated and will be removed in a future release
  main.c
cl : command line warning D9007: '/Gm' requires '/Zi or /ZI'; option ignored
D:\plus-2017\main.c(148,1): warning C4996: 'strcpy': This function or variable may be unsafe. Consider using strcpy_s instead. To disable deprecation, use _CRT_SECURE_NO_WARNINGS. See online help for details.
C:\Program Files (x86)\Windows Kits\10\Include\10.0.18362.0\ucrt\string.h(133): message : see declaration of 'strcpy'
D:\plus-2017\main.c(248,48): warning C4113: 'void (__cdecl *)()' differs in parameter lists from '_beginthread_proc_type'
D:\plus-2017\main.c(249,53): warning C4113: 'void (__cdecl *)()' differs in parameter lists from '_beginthread_proc_type'
D:\plus-2017\main.c(441,25): warning C4113: 'void (__cdecl *)()' differs in parameter lists from '_beginthread_proc_type'
D:\plus-2017\main.c(453,27): warning C4113: 'void (__cdecl *)()' differs in parameter lists from '_beginthread_proc_type'
D:\plus-2017\main.c(294,1): warning C4996: 'fopen': This function or variable may be unsafe. Consider using fopen_s instead. To disable deprecation, use _CRT_SECURE_NO_WARNINGS. See online help for details.
C:\Program Files (x86)\Windows Kits\10\Include\10.0.18362.0\ucrt\stdio.h(208): message : see declaration of 'fopen'
D:\plus-2017\main.c(299,1): warning C4996: 'fscanf': This function or variable may be unsafe. Consider using fscanf_s instead. To disable deprecation, use _CRT_SECURE_NO_WARNINGS. See online help for details.
C:\Program Files (x86)\Windows Kits\10\Include\10.0.18362.0\ucrt\stdio.h(1197): message : see declaration of 'fscanf'
D:\plus-2017\main.c(471,1): warning C4996: 'sprintf': This function or variable may be unsafe. Consider using sprintf_s instead. To disable deprecation, use _CRT_SECURE_NO_WARNINGS. See online help for details.
C:\Program Files (x86)\Windows Kits\10\Include\10.0.18362.0\ucrt\stdio.h(1774): message : see declaration of 'sprintf'
D:\plus-2017\main.c(502,1): warning C4996: 'sprintf': This function or variable may be unsafe. Consider using sprintf_s instead. To disable deprecation, use _CRT_SECURE_NO_WARNINGS. See online help for details.
C:\Program Files (x86)\Windows Kits\10\Include\10.0.18362.0\ucrt\stdio.h(1774): message : see declaration of 'sprintf'
D:\plus-2017\main.c(721,41): warning C4244: '=': conversion from 'double' to 'int', possible loss of data
D:\plus-2017\main.c(730,49): warning C4244: '=': conversion from 'double' to 'int', possible loss of data
D:\plus-2017\main.c(751,41): warning C4244: '=': conversion from 'double' to 'int', possible loss of data
D:\plus-2017\main.c(759,49): warning C4244: '=': conversion from 'double' to 'int', possible loss of data
D:\plus-2017\main.c(712,1): warning C4244: 'initializing': conversion from 'double' to 'float', possible loss of data
D:\plus-2017\main.c(713,1): warning C4244: 'initializing': conversion from 'double' to 'float', possible loss of data
D:\plus-2017\main.c(720,1): warning C4244: 'initializing': conversion from 'double' to 'int', possible loss of data
D:\plus-2017\main.c(729,1): warning C4244: 'initializing': conversion from 'double' to 'int', possible loss of data
D:\plus-2017\main.c(750,1): warning C4244: 'initializing': conversion from 'double' to 'int', possible loss of data
D:\plus-2017\main.c(758,1): warning C4244: 'initializing': conversion from 'double' to 'int', possible loss of data
D:\plus-2017\main.c(791,1): warning C4996: 'sprintf': This function or variable may be unsafe. Consider using sprintf_s instead. To disable deprecation, use _CRT_SECURE_NO_WARNINGS. See online help for details.
C:\Program Files (x86)\Windows Kits\10\Include\10.0.18362.0\ucrt\stdio.h(1774): message : see declaration of 'sprintf'
D:\plus-2017\main.c(804,1): warning C4026: function declared with formal parameter list
D:\plus-2017\main.c(866,1): warning C4244: 'initializing': conversion from 'double' to 'int', possible loss of data
D:\plus-2017\main.c(970,41): warning C4244: '=': conversion from 'double' to 'float', possible loss of data
D:\plus-2017\main.c(976,1): warning C4244: 'initializing': conversion from 'double' to 'int', possible loss of data
D:\plus-2017\main.c(977,1): warning C4244: 'initializing': conversion from 'double' to 'int', possible loss of data
D:\plus-2017\main.c(1008,1): warning C4244: 'initializing': conversion from 'double' to 'int', possible loss of data
D:\plus-2017\main.c(1113,49): warning C4244: '=': conversion from 'double' to 'float', possible loss of data
D:\plus-2017\main.c(1092,1): warning C4244: 'initializing': conversion from 'double' to 'int', possible loss of data
D:\plus-2017\main.c(1134,1): warning C4244: 'initializing': conversion from 'double' to 'int', possible loss of data
D:\plus-2017\main.c(1232,86): warning C4244: '=': conversion from 'double' to 'int', possible loss of data
D:\plus-2017\main.c(1233,86): warning C4244: '=': conversion from 'double' to 'int', possible loss of data
D:\plus-2017\main.c(1242,1): warning C4996: 'fopen': This function or variable may be unsafe. Consider using fopen_s instead. To disable deprecation, use _CRT_SECURE_NO_WARNINGS. See online help for details.
C:\Program Files (x86)\Windows Kits\10\Include\10.0.18362.0\ucrt\stdio.h(208): message : see declaration of 'fopen'
  plus.vcxproj -> D:\plus-2017\.\Debug\plus.exe
